<?xml version="1.0" encoding="UTF-8"?>
<!-- Generated by org.testng.reporters.JUnitXMLReporter -->
<testsuite ignored="0" hostname="AaraSuthar" failures="1" tests="1" name="Avast Tests" time="15.835" errors="0" timestamp="2025-08-28T18:48:44 IST">
  <testcase classname="com.avastsecurity.Test.Validating_The_Toast_Message_After_Scanning" name="testToastMessageAfterScan" time="1.036">
    <failure type="java.lang.NullPointerException" message="Cannot invoke &amp;quot;com.aventstack.extentreports.ExtentTest.fail(String)&amp;quot; because &amp;quot;com.avastsecurity.Test.Validating_The_Toast_Message_After_Scanning.test&amp;quot; is null">
      <![CDATA[java.lang.NullPointerException: Cannot invoke "com.aventstack.extentreports.ExtentTest.fail(String)" because "com.avastsecurity.Test.Validating_The_Toast_Message_After_Scanning.test" is null
at com.avastsecurity.Test.Validating_The_Toast_Message_After_Scanning.testToastMessageAfterScan(Validating_The_Toast_Message_After_Scanning.java:78)
at java.base/java.util.ArrayList.forEach(ArrayList.java:1597)
... Removed 25 stack frames]]>
    </failure>
  </testcase> <!-- testToastMessageAfterScan -->
</testsuite> <!-- Avast Tests -->
