<?xml version="1.0" encoding="UTF-8"?>
<!-- Generated by org.testng.reporters.JUnitXMLReporter -->
<testsuite ignored="0" hostname="AaraSuthar" failures="1" tests="1" name="Validating The Toast Message After Scanning" time="0.55" errors="0" timestamp="2025-08-28T12:04:59 IST">
  <testcase classname="com.avastsecurity.Test.Validating_The_Toast_Message_After_Scanning" name="testScan" time="0.513">
    <failure type="org.openqa.selenium.InvalidSelectorException" message="Locator Strategy &amp;apos;name&amp;apos; is not supported for this session
For documentation on this error, please visit: https://www.seleniumhq.org/exceptions/invalid_selector_exception.html
Build info: version: &amp;apos;3.141.59&amp;apos;, revision: &amp;apos;e82be7d358&amp;apos;, time: &amp;apos;2018-11-14T08:17:03&amp;apos;
System info: host: &amp;apos;AARASUTHAR&amp;apos;, ip: &amp;apos;192.168.0.6&amp;apos;, os.name: &amp;apos;Windows 11&amp;apos;, os.arch: &amp;apos;amd64&amp;apos;, os.version: &amp;apos;10.0&amp;apos;, java.version: &amp;apos;23.0.1&amp;apos;
Driver info: io.appium.java_client.AppiumDriver
Capabilities {appActivity: com.avast.android.mobilesec..., appPackage: com.avast.android.mobilesec..., appWaitActivity: *, automationName: UiAutomator2, databaseEnabled: false, desired: {appPackage: com.avast.android.mobilesec..., appWaitActivity: *, automationName: UiAutomator2, deviceName: POCO C55, noReset: true, platformName: android, udid: nr6dcit4pvjzmrtc}, deviceApiLevel: 34, deviceManufacturer: Xiaomi, deviceModel: 22127PC95I, deviceName: nr6dcit4pvjzmrtc, deviceScreenDensity: 320, deviceScreenSize: 720x1650, deviceUDID: nr6dcit4pvjzmrtc, javascriptEnabled: true, locationContextEnabled: false, networkConnectionEnabled: true, noReset: true, pixelRatio: 2, platform: LINUX, platformName: Android, platformVersion: 14, statBarHeight: 49, takesScreenshot: true, udid: nr6dcit4pvjzmrtc, viewportRect: {height: 1601, left: 0, top: 49, width: 720}, warnings: {}, webStorageEnabled: false}
Session ID: b5ccb7d8-06b7-4233-a9a8-250fbced048d
*** Element info: {Using=name, value=getStartedButton}">
      <![CDATA[org.openqa.selenium.InvalidSelectorException: Locator Strategy 'name' is not supported for this session
For documentation on this error, please visit: https://www.seleniumhq.org/exceptions/invalid_selector_exception.html
Build info: version: '3.141.59', revision: 'e82be7d358', time: '2018-11-14T08:17:03'
System info: host: 'AARASUTHAR', ip: '192.168.0.6', os.name: 'Windows 11', os.arch: 'amd64', os.version: '10.0', java.version: '23.0.1'
Driver info: io.appium.java_client.AppiumDriver
Capabilities {appActivity: com.avast.android.mobilesec..., appPackage: com.avast.android.mobilesec..., appWaitActivity: *, automationName: UiAutomator2, databaseEnabled: false, desired: {appPackage: com.avast.android.mobilesec..., appWaitActivity: *, automationName: UiAutomator2, deviceName: POCO C55, noReset: true, platformName: android, udid: nr6dcit4pvjzmrtc}, deviceApiLevel: 34, deviceManufacturer: Xiaomi, deviceModel: 22127PC95I, deviceName: nr6dcit4pvjzmrtc, deviceScreenDensity: 320, deviceScreenSize: 720x1650, deviceUDID: nr6dcit4pvjzmrtc, javascriptEnabled: true, locationContextEnabled: false, networkConnectionEnabled: true, noReset: true, pixelRatio: 2, platform: LINUX, platformName: Android, platformVersion: 14, statBarHeight: 49, takesScreenshot: true, udid: nr6dcit4pvjzmrtc, viewportRect: {height: 1601, left: 0, top: 49, width: 720}, warnings: {}, webStorageEnabled: false}
Session ID: b5ccb7d8-06b7-4233-a9a8-250fbced048d
*** Element info: {Using=name, value=getStartedButton}
at org.openqa.selenium.remote.http.W3CHttpResponseCodec.createException(W3CHttpResponseCodec.java:187)
at org.openqa.selenium.remote.http.W3CHttpResponseCodec.decode(W3CHttpResponseCodec.java:122)
at org.openqa.selenium.remote.http.W3CHttpResponseCodec.decode(W3CHttpResponseCodec.java:49)
at org.openqa.selenium.remote.HttpCommandExecutor.execute(HttpCommandExecutor.java:158)
at io.appium.java_client.remote.AppiumCommandExecutor.execute(AppiumCommandExecutor.java:250)
at org.openqa.selenium.remote.RemoteWebDriver.execute(RemoteWebDriver.java:552)
at io.appium.java_client.DefaultGenericMobileDriver.execute(DefaultGenericMobileDriver.java:41)
at io.appium.java_client.AppiumDriver.execute(AppiumDriver.java:1)
at org.openqa.selenium.remote.RemoteWebDriver.findElement(RemoteWebDriver.java:323)
at io.appium.java_client.DefaultGenericMobileDriver.findElement(DefaultGenericMobileDriver.java:61)
at io.appium.java_client.AppiumDriver.findElement(AppiumDriver.java:1)
at org.openqa.selenium.remote.RemoteWebDriver.findElementByName(RemoteWebDriver.java:404)
at io.appium.java_client.DefaultGenericMobileDriver.findElementByName(DefaultGenericMobileDriver.java:117)
at io.appium.java_client.AppiumDriver.findElementByName(AppiumDriver.java:1)
at org.openqa.selenium.By$ByName.findElement(By.java:284)
at org.openqa.selenium.support.ByIdOrName.findElement(ByIdOrName.java:50)
at org.openqa.selenium.remote.RemoteWebDriver.findElement(RemoteWebDriver.java:315)
at io.appium.java_client.DefaultGenericMobileDriver.findElement(DefaultGenericMobileDriver.java:57)
at io.appium.java_client.AppiumDriver.findElement(AppiumDriver.java:1)
at org.openqa.selenium.support.pagefactory.DefaultElementLocator.findElement(DefaultElementLocator.java:69)
at org.openqa.selenium.support.pagefactory.internal.LocatingElementHandler.invoke(LocatingElementHandler.java:38)
at jdk.proxy2/jdk.proxy2.$Proxy13.click(Unknown Source)
at com.avastsecurity.PageObjects.AvastHomePage.clickGetStarted(AvastHomePage.java:32)
at com.avastsecurity.Test.Validating_The_Toast_Message_After_Scanning.testScan(Validating_The_Toast_Message_After_Scanning.java:39)
at java.base/java.util.ArrayList.forEach(ArrayList.java:1597)
... Removed 28 stack frames]]>
    </failure>
  </testcase> <!-- testScan -->
</testsuite> <!-- Validating The Toast Message After Scanning -->
